2024-11-20 15:38:14,157 - INFO - Starting email process...
2024-11-20 15:38:14,157 - INFO - Starting to send emails to 3 recipients
2024-11-20 15:38:14,157 - INFO - Verifying email domain: gmail.com
2024-11-20 15:38:14,168 - INFO - MX records found for domain gmail.com
2024-11-20 15:38:14,168 - INFO - Connecting to SMTP server smtpout.secureserver.net:587
2024-11-20 15:38:15,326 - INFO - Starting TLS connection
2024-11-20 15:38:15,840 - INFO - Logging in to SMTP server
2024-11-20 15:38:16,092 - INFO - Successfully connected to SMTP server
2024-11-20 15:38:17,395 - SUCCESS - [1/3] Successfully sent email to ahadd40451@gmail.com
2024-11-20 15:38:17,395 - INFO - Waiting 1.2 seconds before sending to saadkhan40451@gmail.com
2024-11-20 15:38:18,675 - INFO - Verifying email domain: gmail.com
2024-11-20 15:38:18,695 - INFO - MX records found for domain gmail.com
2024-11-20 15:38:18,695 - INFO - Connecting to SMTP server smtpout.secureserver.net:587
2024-11-20 15:38:19,795 - INFO - Starting TLS connection
2024-11-20 15:38:20,330 - INFO - Logging in to SMTP server
2024-11-20 15:38:20,598 - INFO - Successfully connected to SMTP server
2024-11-20 15:38:22,029 - SUCCESS - [2/3] Successfully sent email to saadkhan40451@gmail.com
2024-11-20 15:38:22,029 - INFO - Waiting 1.7 seconds before sending to ahadkhan40451@gmail.com
2024-11-20 15:38:23,864 - INFO - Verifying email domain: gmail.com
2024-11-20 15:38:23,878 - INFO - MX records found for domain gmail.com
2024-11-20 15:38:23,878 - INFO - Connecting to SMTP server smtpout.secureserver.net:587
2024-11-20 15:38:24,957 - INFO - Starting TLS connection
2024-11-20 15:38:25,467 - INFO - Logging in to SMTP server
2024-11-20 15:38:25,728 - INFO - Successfully connected to SMTP server
2024-11-20 15:38:26,928 - SUCCESS - [3/3] Successfully sent email to ahadkhan40451@gmail.com
2024-11-20 15:38:29,035 - INFO - Email sending completed. Success: 3, Failed: 0
2024-11-20 15:38:29,035 - SUCCESS - Successfully processed 3 emails
<<<<<<< HEAD
2024-11-20 11:13:43,813 - INFO - [31m[1mWARNING: This is a development server. Do not use it in a production deployment. Use a production WSGI server instead.[0m
 * Running on http://127.0.0.1:5000
2024-11-20 11:13:43,815 - INFO - [33mPress CTRL+C to quit[0m
2024-11-20 11:13:43,815 - INFO -  * Restarting with stat
2024-11-20 11:13:44,080 - WARNING -  * Debugger is active!
2024-11-20 11:13:44,099 - INFO -  * Debugger PIN: 123-786-113
2024-11-20 11:26:11,005 - INFO - [31m[1mWARNING: This is a development server. Do not use it in a production deployment. Use a production WSGI server instead.[0m
 * Running on http://127.0.0.1:5000
2024-11-20 11:26:11,005 - INFO - [33mPress CTRL+C to quit[0m
2024-11-20 11:26:11,005 - INFO -  * Restarting with stat
2024-11-20 11:26:11,265 - WARNING -  * Debugger is active!
2024-11-20 11:26:11,267 - INFO -  * Debugger PIN: 123-786-113
2024-11-20 11:26:33,192 - INFO - [31m[1mWARNING: This is a development server. Do not use it in a production deployment. Use a production WSGI server instead.[0m
 * Running on http://127.0.0.1:5000
2024-11-20 11:26:33,192 - INFO - [33mPress CTRL+C to quit[0m
2024-11-20 11:26:33,192 - INFO -  * Restarting with stat
2024-11-20 11:26:33,460 - WARNING -  * Debugger is active!
2024-11-20 11:26:33,463 - INFO -  * Debugger PIN: 123-786-113
=======
2024-11-20 16:26:20,326 - INFO -  * Restarting with stat
2024-11-20 16:26:21,708 - WARNING -  * Debugger is active!
2024-11-20 16:26:21,713 - INFO -  * Debugger PIN: 140-803-395
2024-11-20 16:41:58,090 - INFO -  * Detected change in 'D:\\projects\\Bulk-emails-sender\\extension\\backend\\app.py', reloading
>>>>>>> c5c710dd92fecd2236762d1fad775b803659ab3d
